D:\ATP\Parser\Diners_Parser\Diners_Parser\Release\cl.command.1.tlog
D:\ATP\Parser\Diners_Parser\Diners_Parser\Release\CL.read.1.tlog
D:\ATP\Parser\Diners_Parser\Diners_Parser\Release\CL.write.1.tlog
D:\ATP\PARSER\DINERS_PARSER\DINERS_PARSER\RELEASE\DINERS_PARSER.EXE.INTERMEDIATE.MANIFEST
D:\ATP\PARSER\DINERS_PARSER\DINERS_PARSER\RELEASE\DINERS_PARSER.OBJ
D:\ATP\PARSER\DINERS_PARSER\DINERS_PARSER\RELEASE\DINERS_PARSER.PCH
D:\ATP\PARSER\DINERS_PARSER\DINERS_PARSER\RELEASE\DINERS_PARSER.RES
D:\ATP\Parser\Diners_Parser\Diners_Parser\Release\Diners_Parser.write.1.tlog
D:\ATP\PARSER\DINERS_PARSER\DINERS_PARSER\RELEASE\DINERS_PARSERDLG.OBJ
D:\ATP\Parser\Diners_Parser\Diners_Parser\Release\link.command.1.tlog
D:\ATP\Parser\Diners_Parser\Diners_Parser\Release\link.read.1.tlog
D:\ATP\Parser\Diners_Parser\Diners_Parser\Release\link.write.1.tlog
D:\ATP\Parser\Diners_Parser\Diners_Parser\Release\link-cvtres.read.1.tlog
D:\ATP\Parser\Diners_Parser\Diners_Parser\Release\link-cvtres.write.1.tlog
D:\ATP\Parser\Diners_Parser\Diners_Parser\Release\mt.command.1.tlog
D:\ATP\Parser\Diners_Parser\Diners_Parser\Release\mt.read.1.tlog
D:\ATP\Parser\Diners_Parser\Diners_Parser\Release\mt.write.1.tlog
D:\ATP\Parser\Diners_Parser\Diners_Parser\Release\rc.command.1.tlog
D:\ATP\Parser\Diners_Parser\Diners_Parser\Release\rc.read.1.tlog
D:\ATP\Parser\Diners_Parser\Diners_Parser\Release\rc.write.1.tlog
D:\ATP\PARSER\DINERS_PARSER\DINERS_PARSER\RELEASE\STDAFX.OBJ
D:\ATP\PARSER\DINERS_PARSER\DINERS_PARSER\RELEASE\VC100.PDB
D:\ATP\PARSER\DINERS_PARSER\RELEASE\DINERS_PARSER.EXE
D:\ATP\PARSER\DINERS_PARSER\RELEASE\DINERS_PARSER.PDB
