D:\ATP\PARSER\DINERS_PARSER\DEBUG\DINERS_PARSER.EXE
D:\ATP\PARSER\DINERS_PARSER\DEBUG\DINERS_PARSER.PDB
D:\ATP\Parser\Diners_Parser\Diners_Parser\Debug\cl.command.1.tlog
D:\ATP\Parser\Diners_Parser\Diners_Parser\Debug\CL.read.1.tlog
D:\ATP\Parser\Diners_Parser\Diners_Parser\Debug\CL.write.1.tlog
D:\ATP\PARSER\DINERS_PARSER\DINERS_PARSER\DEBUG\DINERS_PARSER.EXE.INTERMEDIATE.MANIFEST
D:\ATP\PARSER\DINERS_PARSER\DINERS_PARSER\DEBUG\DINERS_PARSER.OBJ
D:\ATP\PARSER\DINERS_PARSER\DINERS_PARSER\DEBUG\DINERS_PARSER.PCH
D:\ATP\PARSER\DINERS_PARSER\DINERS_PARSER\DEBUG\DINERS_PARSER.RES
D:\ATP\Parser\Diners_Parser\Diners_Parser\Debug\Diners_Parser.write.1.tlog
D:\ATP\PARSER\DINERS_PARSER\DINERS_PARSER\DEBUG\DINERS_PARSERDLG.OBJ
D:\ATP\Parser\Diners_Parser\Diners_Parser\Debug\link.command.1.tlog
D:\ATP\Parser\Diners_Parser\Diners_Parser\Debug\link.read.1.tlog
D:\ATP\Parser\Diners_Parser\Diners_Parser\Debug\link.write.1.tlog
D:\ATP\Parser\Diners_Parser\Diners_Parser\Debug\link-cvtres.read.1.tlog
D:\ATP\Parser\Diners_Parser\Diners_Parser\Debug\link-cvtres.write.1.tlog
D:\ATP\Parser\Diners_Parser\Diners_Parser\Debug\mt.command.1.tlog
D:\ATP\Parser\Diners_Parser\Diners_Parser\Debug\mt.read.1.tlog
D:\ATP\Parser\Diners_Parser\Diners_Parser\Debug\mt.write.1.tlog
D:\ATP\Parser\Diners_Parser\Diners_Parser\Debug\rc.command.1.tlog
D:\ATP\Parser\Diners_Parser\Diners_Parser\Debug\rc.read.1.tlog
D:\ATP\Parser\Diners_Parser\Diners_Parser\Debug\rc.write.1.tlog
D:\ATP\PARSER\DINERS_PARSER\DINERS_PARSER\DEBUG\STDAFX.OBJ
D:\ATP\Parser\Diners_Parser\Diners_Parser\Debug\vc100.idb
D:\ATP\PARSER\DINERS_PARSER\DINERS_PARSER\DEBUG\VC100.PDB
