D:\ATP\PARSER\EQIT_PARSER\DEBUG\EQIT_PARSER.EXE
D:\ATP\PARSER\EQIT_PARSER\DEBUG\EQIT_PARSER.PDB
D:\ATP\Parser\Eqit_Parser\Eqit_Parser\Debug\cl.command.1.tlog
D:\ATP\Parser\Eqit_Parser\Eqit_Parser\Debug\CL.read.1.tlog
D:\ATP\Parser\Eqit_Parser\Eqit_Parser\Debug\CL.write.1.tlog
D:\ATP\PARSER\EQIT_PARSER\EQIT_PARSER\DEBUG\EQIT_PARSER.EXE.INTERMEDIATE.MANIFEST
D:\ATP\PARSER\EQIT_PARSER\EQIT_PARSER\DEBUG\EQIT_PARSER.OBJ
D:\ATP\PARSER\EQIT_PARSER\EQIT_PARSER\DEBUG\EQIT_PARSER.PCH
D:\ATP\PARSER\EQIT_PARSER\EQIT_PARSER\DEBUG\EQIT_PARSER.RES
D:\ATP\Parser\Eqit_Parser\Eqit_Parser\Debug\Eqit_Parser.vcxprojResolveAssemblyReference.cache
D:\ATP\Parser\Eqit_Parser\Eqit_Parser\Debug\Eqit_Parser.write.1.tlog
D:\ATP\PARSER\EQIT_PARSER\EQIT_PARSER\DEBUG\EQIT_PARSERDLG.OBJ
D:\ATP\Parser\Eqit_Parser\Eqit_Parser\Debug\link.command.1.tlog
D:\ATP\Parser\Eqit_Parser\Eqit_Parser\Debug\link.read.1.tlog
D:\ATP\Parser\Eqit_Parser\Eqit_Parser\Debug\link.write.1.tlog
D:\ATP\Parser\Eqit_Parser\Eqit_Parser\Debug\link-cvtres.read.1.tlog
D:\ATP\Parser\Eqit_Parser\Eqit_Parser\Debug\link-cvtres.write.1.tlog
D:\ATP\Parser\Eqit_Parser\Eqit_Parser\Debug\mt.command.1.tlog
D:\ATP\Parser\Eqit_Parser\Eqit_Parser\Debug\mt.read.1.tlog
D:\ATP\Parser\Eqit_Parser\Eqit_Parser\Debug\mt.write.1.tlog
D:\ATP\Parser\Eqit_Parser\Eqit_Parser\Debug\rc.command.1.tlog
D:\ATP\Parser\Eqit_Parser\Eqit_Parser\Debug\rc.read.1.tlog
D:\ATP\Parser\Eqit_Parser\Eqit_Parser\Debug\rc.write.1.tlog
D:\ATP\PARSER\EQIT_PARSER\EQIT_PARSER\DEBUG\STDAFX.OBJ
D:\ATP\Parser\Eqit_Parser\Eqit_Parser\Debug\vc100.idb
D:\ATP\PARSER\EQIT_PARSER\EQIT_PARSER\DEBUG\VC100.PDB
