D:\ATP\Parser\Cup_Parser\Cup_Parser\Debug\cl.command.1.tlog
D:\ATP\Parser\Cup_Parser\Cup_Parser\Debug\CL.read.1.tlog
D:\ATP\Parser\Cup_Parser\Cup_Parser\Debug\CL.write.1.tlog
D:\ATP\PARSER\CUP_PARSER\CUP_PARSER\DEBUG\CUP_PARSER.EXE.INTERMEDIATE.MANIFEST
D:\ATP\PARSER\CUP_PARSER\CUP_PARSER\DEBUG\CUP_PARSER.OBJ
D:\ATP\PARSER\CUP_PARSER\CUP_PARSER\DEBUG\CUP_PARSER.PCH
D:\ATP\PARSER\CUP_PARSER\CUP_PARSER\DEBUG\CUP_PARSER.RES
D:\ATP\Parser\Cup_Parser\Cup_Parser\Debug\Cup_Parser.write.1.tlog
D:\ATP\PARSER\CUP_PARSER\CUP_PARSER\DEBUG\CUP_PARSERDLG.OBJ
D:\ATP\Parser\Cup_Parser\Cup_Parser\Debug\link.command.1.tlog
D:\ATP\Parser\Cup_Parser\Cup_Parser\Debug\link.read.1.tlog
D:\ATP\Parser\Cup_Parser\Cup_Parser\Debug\link.write.1.tlog
D:\ATP\Parser\Cup_Parser\Cup_Parser\Debug\link-cvtres.read.1.tlog
D:\ATP\Parser\Cup_Parser\Cup_Parser\Debug\link-cvtres.write.1.tlog
D:\ATP\Parser\Cup_Parser\Cup_Parser\Debug\mt.command.1.tlog
D:\ATP\Parser\Cup_Parser\Cup_Parser\Debug\mt.read.1.tlog
D:\ATP\Parser\Cup_Parser\Cup_Parser\Debug\mt.write.1.tlog
D:\ATP\Parser\Cup_Parser\Cup_Parser\Debug\rc.command.1.tlog
D:\ATP\Parser\Cup_Parser\Cup_Parser\Debug\rc.read.1.tlog
D:\ATP\Parser\Cup_Parser\Cup_Parser\Debug\rc.write.1.tlog
D:\ATP\PARSER\CUP_PARSER\CUP_PARSER\DEBUG\STDAFX.OBJ
D:\ATP\Parser\Cup_Parser\Cup_Parser\Debug\vc100.idb
D:\ATP\PARSER\CUP_PARSER\CUP_PARSER\DEBUG\VC100.PDB
D:\ATP\PARSER\CUP_PARSER\DEBUG\CUP_PARSER.EXE
D:\ATP\PARSER\CUP_PARSER\DEBUG\CUP_PARSER.PDB
