D:\ATP\PARSER\VISA_PARSER\DEBUG\VISA_PARSER.EXE
D:\ATP\PARSER\VISA_PARSER\DEBUG\VISA_PARSER.PDB
D:\ATP\Parser\Visa_Parser\Visa_Parser\Debug\cl.command.1.tlog
D:\ATP\Parser\Visa_Parser\Visa_Parser\Debug\CL.read.1.tlog
D:\ATP\Parser\Visa_Parser\Visa_Parser\Debug\CL.write.1.tlog
D:\ATP\Parser\Visa_Parser\Visa_Parser\Debug\link.command.1.tlog
D:\ATP\Parser\Visa_Parser\Visa_Parser\Debug\link.read.1.tlog
D:\ATP\Parser\Visa_Parser\Visa_Parser\Debug\link.write.1.tlog
D:\ATP\Parser\Visa_Parser\Visa_Parser\Debug\link-cvtres.read.1.tlog
D:\ATP\Parser\Visa_Parser\Visa_Parser\Debug\link-cvtres.write.1.tlog
D:\ATP\Parser\Visa_Parser\Visa_Parser\Debug\mt.command.1.tlog
D:\ATP\Parser\Visa_Parser\Visa_Parser\Debug\mt.read.1.tlog
D:\ATP\Parser\Visa_Parser\Visa_Parser\Debug\mt.write.1.tlog
D:\ATP\Parser\Visa_Parser\Visa_Parser\Debug\rc.command.1.tlog
D:\ATP\Parser\Visa_Parser\Visa_Parser\Debug\rc.read.1.tlog
D:\ATP\Parser\Visa_Parser\Visa_Parser\Debug\rc.write.1.tlog
D:\ATP\PARSER\VISA_PARSER\VISA_PARSER\DEBUG\STDAFX.OBJ
D:\ATP\Parser\Visa_Parser\Visa_Parser\Debug\vc100.idb
D:\ATP\PARSER\VISA_PARSER\VISA_PARSER\DEBUG\VC100.PDB
D:\ATP\PARSER\VISA_PARSER\VISA_PARSER\DEBUG\VISA_PARSER.EXE.INTERMEDIATE.MANIFEST
D:\ATP\PARSER\VISA_PARSER\VISA_PARSER\DEBUG\VISA_PARSER.OBJ
D:\ATP\PARSER\VISA_PARSER\VISA_PARSER\DEBUG\VISA_PARSER.PCH
D:\ATP\PARSER\VISA_PARSER\VISA_PARSER\DEBUG\VISA_PARSER.RES
D:\ATP\Parser\Visa_Parser\Visa_Parser\Debug\Visa_Parser.vcxprojResolveAssemblyReference.cache
D:\ATP\Parser\Visa_Parser\Visa_Parser\Debug\Visa_Parser.write.1.tlog
D:\ATP\PARSER\VISA_PARSER\VISA_PARSER\DEBUG\VISA_PARSERDLG.OBJ
