D:\ATP\PARSER\MCRD_PARSER\DEBUG\MCRD_PARSER.EXE
D:\ATP\PARSER\MCRD_PARSER\DEBUG\MCRD_PARSER.PDB
D:\ATP\Parser\Mcrd_Parser\Mcrd_Parser\Debug\cl.command.1.tlog
D:\ATP\Parser\Mcrd_Parser\Mcrd_Parser\Debug\CL.read.1.tlog
D:\ATP\Parser\Mcrd_Parser\Mcrd_Parser\Debug\CL.write.1.tlog
D:\ATP\Parser\Mcrd_Parser\Mcrd_Parser\Debug\link.command.1.tlog
D:\ATP\Parser\Mcrd_Parser\Mcrd_Parser\Debug\link.read.1.tlog
D:\ATP\Parser\Mcrd_Parser\Mcrd_Parser\Debug\link.write.1.tlog
D:\ATP\Parser\Mcrd_Parser\Mcrd_Parser\Debug\link-cvtres.read.1.tlog
D:\ATP\Parser\Mcrd_Parser\Mcrd_Parser\Debug\link-cvtres.write.1.tlog
D:\ATP\PARSER\MCRD_PARSER\MCRD_PARSER\DEBUG\MCRD_PARSER.EXE.INTERMEDIATE.MANIFEST
D:\ATP\PARSER\MCRD_PARSER\MCRD_PARSER\DEBUG\MCRD_PARSER.OBJ
D:\ATP\PARSER\MCRD_PARSER\MCRD_PARSER\DEBUG\MCRD_PARSER.PCH
D:\ATP\PARSER\MCRD_PARSER\MCRD_PARSER\DEBUG\MCRD_PARSER.RES
D:\ATP\Parser\Mcrd_Parser\Mcrd_Parser\Debug\Mcrd_Parser.vcxprojResolveAssemblyReference.cache
D:\ATP\Parser\Mcrd_Parser\Mcrd_Parser\Debug\Mcrd_Parser.write.1.tlog
D:\ATP\PARSER\MCRD_PARSER\MCRD_PARSER\DEBUG\MCRD_PARSERDLG.OBJ
D:\ATP\Parser\Mcrd_Parser\Mcrd_Parser\Debug\mt.command.1.tlog
D:\ATP\Parser\Mcrd_Parser\Mcrd_Parser\Debug\mt.read.1.tlog
D:\ATP\Parser\Mcrd_Parser\Mcrd_Parser\Debug\mt.write.1.tlog
D:\ATP\Parser\Mcrd_Parser\Mcrd_Parser\Debug\rc.command.1.tlog
D:\ATP\Parser\Mcrd_Parser\Mcrd_Parser\Debug\rc.read.1.tlog
D:\ATP\Parser\Mcrd_Parser\Mcrd_Parser\Debug\rc.write.1.tlog
D:\ATP\PARSER\MCRD_PARSER\MCRD_PARSER\DEBUG\STDAFX.OBJ
D:\ATP\Parser\Mcrd_Parser\Mcrd_Parser\Debug\vc100.idb
D:\ATP\PARSER\MCRD_PARSER\MCRD_PARSER\DEBUG\VC100.PDB
