D:\PROJECTS\BDO_DINERS_ATP\SOURCE\TOOLS\PARSERS\PULSE_PARSER\DEBUG\PULSE_PARSER.EXE
D:\PROJECTS\BDO_DINERS_ATP\SOURCE\TOOLS\PARSERS\PULSE_PARSER\DEBUG\PULSE_PARSER.PDB
D:\PROJECTS\BDO_DINERS_ATP\Source\Tools\Parsers\Pulse_Parser\Pulse_Parser\Debug\cl.command.1.tlog
D:\PROJECTS\BDO_DINERS_ATP\Source\Tools\Parsers\Pulse_Parser\Pulse_Parser\Debug\CL.read.1.tlog
D:\PROJECTS\BDO_DINERS_ATP\Source\Tools\Parsers\Pulse_Parser\Pulse_Parser\Debug\CL.write.1.tlog
D:\PROJECTS\BDO_DINERS_ATP\Source\Tools\Parsers\Pulse_Parser\Pulse_Parser\Debug\link.command.1.tlog
D:\PROJECTS\BDO_DINERS_ATP\Source\Tools\Parsers\Pulse_Parser\Pulse_Parser\Debug\link.read.1.tlog
D:\PROJECTS\BDO_DINERS_ATP\Source\Tools\Parsers\Pulse_Parser\Pulse_Parser\Debug\link.write.1.tlog
D:\PROJECTS\BDO_DINERS_ATP\Source\Tools\Parsers\Pulse_Parser\Pulse_Parser\Debug\link-cvtres.read.1.tlog
D:\PROJECTS\BDO_DINERS_ATP\Source\Tools\Parsers\Pulse_Parser\Pulse_Parser\Debug\link-cvtres.write.1.tlog
D:\PROJECTS\BDO_DINERS_ATP\Source\Tools\Parsers\Pulse_Parser\Pulse_Parser\Debug\mt.command.1.tlog
D:\PROJECTS\BDO_DINERS_ATP\Source\Tools\Parsers\Pulse_Parser\Pulse_Parser\Debug\mt.read.1.tlog
D:\PROJECTS\BDO_DINERS_ATP\Source\Tools\Parsers\Pulse_Parser\Pulse_Parser\Debug\mt.write.1.tlog
D:\PROJECTS\BDO_DINERS_ATP\SOURCE\TOOLS\PARSERS\PULSE_PARSER\PULSE_PARSER\DEBUG\PULSE_PARSER.EXE.INTERMEDIATE.MANIFEST
D:\PROJECTS\BDO_DINERS_ATP\SOURCE\TOOLS\PARSERS\PULSE_PARSER\PULSE_PARSER\DEBUG\PULSE_PARSER.OBJ
D:\PROJECTS\BDO_DINERS_ATP\SOURCE\TOOLS\PARSERS\PULSE_PARSER\PULSE_PARSER\DEBUG\PULSE_PARSER.PCH
D:\PROJECTS\BDO_DINERS_ATP\SOURCE\TOOLS\PARSERS\PULSE_PARSER\PULSE_PARSER\DEBUG\PULSE_PARSER.RES
D:\PROJECTS\BDO_DINERS_ATP\Source\Tools\Parsers\Pulse_Parser\Pulse_Parser\Debug\Pulse_Parser.vcxprojResolveAssemblyReference.cache
D:\PROJECTS\BDO_DINERS_ATP\Source\Tools\Parsers\Pulse_Parser\Pulse_Parser\Debug\Pulse_Parser.write.1.tlog
D:\PROJECTS\BDO_DINERS_ATP\SOURCE\TOOLS\PARSERS\PULSE_PARSER\PULSE_PARSER\DEBUG\PULSE_PARSERDLG.OBJ
D:\PROJECTS\BDO_DINERS_ATP\Source\Tools\Parsers\Pulse_Parser\Pulse_Parser\Debug\rc.command.1.tlog
D:\PROJECTS\BDO_DINERS_ATP\Source\Tools\Parsers\Pulse_Parser\Pulse_Parser\Debug\rc.read.1.tlog
D:\PROJECTS\BDO_DINERS_ATP\Source\Tools\Parsers\Pulse_Parser\Pulse_Parser\Debug\rc.write.1.tlog
D:\PROJECTS\BDO_DINERS_ATP\SOURCE\TOOLS\PARSERS\PULSE_PARSER\PULSE_PARSER\DEBUG\STDAFX.OBJ
D:\PROJECTS\BDO_DINERS_ATP\Source\Tools\Parsers\Pulse_Parser\Pulse_Parser\Debug\vc100.idb
D:\PROJECTS\BDO_DINERS_ATP\SOURCE\TOOLS\PARSERS\PULSE_PARSER\PULSE_PARSER\DEBUG\VC100.PDB
