D:\ATP\PARSER\JCB_PARSER\DEBUG\JCB_PARSER.EXE
D:\ATP\PARSER\JCB_PARSER\DEBUG\JCB_PARSER.PDB
D:\ATP\Parser\Jcb_Parser\Jcb_Parser\Debug\cl.command.1.tlog
D:\ATP\Parser\Jcb_Parser\Jcb_Parser\Debug\CL.read.1.tlog
D:\ATP\Parser\Jcb_Parser\Jcb_Parser\Debug\CL.write.1.tlog
D:\ATP\PARSER\JCB_PARSER\JCB_PARSER\DEBUG\JCB_PARSER.EXE.INTERMEDIATE.MANIFEST
D:\ATP\PARSER\JCB_PARSER\JCB_PARSER\DEBUG\JCB_PARSER.OBJ
D:\ATP\PARSER\JCB_PARSER\JCB_PARSER\DEBUG\JCB_PARSER.PCH
D:\ATP\PARSER\JCB_PARSER\JCB_PARSER\DEBUG\JCB_PARSER.RES
D:\ATP\Parser\Jcb_Parser\Jcb_Parser\Debug\Jcb_Parser.vcxprojResolveAssemblyReference.cache
D:\ATP\Parser\Jcb_Parser\Jcb_Parser\Debug\Jcb_Parser.write.1.tlog
D:\ATP\PARSER\JCB_PARSER\JCB_PARSER\DEBUG\JCB_PARSERDLG.OBJ
D:\ATP\Parser\Jcb_Parser\Jcb_Parser\Debug\link.command.1.tlog
D:\ATP\Parser\Jcb_Parser\Jcb_Parser\Debug\link.read.1.tlog
D:\ATP\Parser\Jcb_Parser\Jcb_Parser\Debug\link.write.1.tlog
D:\ATP\Parser\Jcb_Parser\Jcb_Parser\Debug\link-cvtres.read.1.tlog
D:\ATP\Parser\Jcb_Parser\Jcb_Parser\Debug\link-cvtres.write.1.tlog
D:\ATP\Parser\Jcb_Parser\Jcb_Parser\Debug\mt.command.1.tlog
D:\ATP\Parser\Jcb_Parser\Jcb_Parser\Debug\mt.read.1.tlog
D:\ATP\Parser\Jcb_Parser\Jcb_Parser\Debug\mt.write.1.tlog
D:\ATP\Parser\Jcb_Parser\Jcb_Parser\Debug\rc.command.1.tlog
D:\ATP\Parser\Jcb_Parser\Jcb_Parser\Debug\rc.read.1.tlog
D:\ATP\Parser\Jcb_Parser\Jcb_Parser\Debug\rc.write.1.tlog
D:\ATP\PARSER\JCB_PARSER\JCB_PARSER\DEBUG\STDAFX.OBJ
D:\ATP\Parser\Jcb_Parser\Jcb_Parser\Debug\vc100.idb
D:\ATP\PARSER\JCB_PARSER\JCB_PARSER\DEBUG\VC100.PDB
