D:\ATP\PARSER\VISA_PARSER\RELEASE\VISA_PARSER.EXE
D:\ATP\PARSER\VISA_PARSER\RELEASE\VISA_PARSER.PDB
D:\ATP\Parser\Visa_Parser\Visa_Parser\Release\cl.command.1.tlog
D:\ATP\Parser\Visa_Parser\Visa_Parser\Release\CL.read.1.tlog
D:\ATP\Parser\Visa_Parser\Visa_Parser\Release\CL.write.1.tlog
D:\ATP\Parser\Visa_Parser\Visa_Parser\Release\link.command.1.tlog
D:\ATP\Parser\Visa_Parser\Visa_Parser\Release\link.read.1.tlog
D:\ATP\Parser\Visa_Parser\Visa_Parser\Release\link.write.1.tlog
D:\ATP\Parser\Visa_Parser\Visa_Parser\Release\link-cvtres.read.1.tlog
D:\ATP\Parser\Visa_Parser\Visa_Parser\Release\link-cvtres.write.1.tlog
D:\ATP\Parser\Visa_Parser\Visa_Parser\Release\mt.command.1.tlog
D:\ATP\Parser\Visa_Parser\Visa_Parser\Release\mt.read.1.tlog
D:\ATP\Parser\Visa_Parser\Visa_Parser\Release\mt.write.1.tlog
D:\ATP\Parser\Visa_Parser\Visa_Parser\Release\rc.command.1.tlog
D:\ATP\Parser\Visa_Parser\Visa_Parser\Release\rc.read.1.tlog
D:\ATP\Parser\Visa_Parser\Visa_Parser\Release\rc.write.1.tlog
D:\ATP\PARSER\VISA_PARSER\VISA_PARSER\RELEASE\STDAFX.OBJ
D:\ATP\PARSER\VISA_PARSER\VISA_PARSER\RELEASE\VC100.PDB
D:\ATP\PARSER\VISA_PARSER\VISA_PARSER\RELEASE\VISA_PARSER.EXE.INTERMEDIATE.MANIFEST
D:\ATP\PARSER\VISA_PARSER\VISA_PARSER\RELEASE\VISA_PARSER.OBJ
D:\ATP\PARSER\VISA_PARSER\VISA_PARSER\RELEASE\VISA_PARSER.PCH
D:\ATP\PARSER\VISA_PARSER\VISA_PARSER\RELEASE\VISA_PARSER.RES
D:\ATP\Parser\Visa_Parser\Visa_Parser\Release\Visa_Parser.write.1.tlog
D:\ATP\PARSER\VISA_PARSER\VISA_PARSER\RELEASE\VISA_PARSERDLG.OBJ
