D:\ATP\Parser\Amex_Parser\ex_amex_parser\ex_amex_parser\Release\cl.command.1.tlog
D:\ATP\Parser\Amex_Parser\ex_amex_parser\ex_amex_parser\Release\CL.read.1.tlog
D:\ATP\Parser\Amex_Parser\ex_amex_parser\ex_amex_parser\Release\CL.write.1.tlog
D:\ATP\PARSER\AMEX_PARSER\EX_AMEX_PARSER\EX_AMEX_PARSER\RELEASE\EX_AMEX_PARSER.EXE.INTERMEDIATE.MANIFEST
D:\ATP\PARSER\AMEX_PARSER\EX_AMEX_PARSER\EX_AMEX_PARSER\RELEASE\EX_AMEX_PARSER.OBJ
D:\ATP\PARSER\AMEX_PARSER\EX_AMEX_PARSER\EX_AMEX_PARSER\RELEASE\EX_AMEX_PARSER.PCH
D:\ATP\PARSER\AMEX_PARSER\EX_AMEX_PARSER\EX_AMEX_PARSER\RELEASE\EX_AMEX_PARSER.RES
D:\ATP\Parser\Amex_Parser\ex_amex_parser\ex_amex_parser\Release\ex_amex_parser.write.1.tlog
D:\ATP\PARSER\AMEX_PARSER\EX_AMEX_PARSER\EX_AMEX_PARSER\RELEASE\EX_AMEX_PARSERDLG.OBJ
D:\ATP\Parser\Amex_Parser\ex_amex_parser\ex_amex_parser\Release\link.command.1.tlog
D:\ATP\Parser\Amex_Parser\ex_amex_parser\ex_amex_parser\Release\link.read.1.tlog
D:\ATP\Parser\Amex_Parser\ex_amex_parser\ex_amex_parser\Release\link.write.1.tlog
D:\ATP\Parser\Amex_Parser\ex_amex_parser\ex_amex_parser\Release\link-cvtres.read.1.tlog
D:\ATP\Parser\Amex_Parser\ex_amex_parser\ex_amex_parser\Release\link-cvtres.write.1.tlog
D:\ATP\Parser\Amex_Parser\ex_amex_parser\ex_amex_parser\Release\mt.command.1.tlog
D:\ATP\Parser\Amex_Parser\ex_amex_parser\ex_amex_parser\Release\mt.read.1.tlog
D:\ATP\Parser\Amex_Parser\ex_amex_parser\ex_amex_parser\Release\mt.write.1.tlog
D:\ATP\Parser\Amex_Parser\ex_amex_parser\ex_amex_parser\Release\rc.command.1.tlog
D:\ATP\Parser\Amex_Parser\ex_amex_parser\ex_amex_parser\Release\rc.read.1.tlog
D:\ATP\Parser\Amex_Parser\ex_amex_parser\ex_amex_parser\Release\rc.write.1.tlog
D:\ATP\PARSER\AMEX_PARSER\EX_AMEX_PARSER\EX_AMEX_PARSER\RELEASE\STDAFX.OBJ
D:\ATP\PARSER\AMEX_PARSER\EX_AMEX_PARSER\EX_AMEX_PARSER\RELEASE\VC100.PDB
D:\ATP\PARSER\AMEX_PARSER\EX_AMEX_PARSER\RELEASE\EX_AMEX_PARSER.EXE
D:\ATP\PARSER\AMEX_PARSER\EX_AMEX_PARSER\RELEASE\EX_AMEX_PARSER.PDB
